<?xml version="1.0" encoding="UTF-8"?>
<testng-results ignored="0" total="1" passed="1" failed="0" skipped="0">
  <reporter-output>
  </reporter-output>
  <suite started-at="2025-03-08T23:09:54 EST" name="Default suite" finished-at="2025-03-08T23:10:03 EST" duration-ms="9276">
    <groups>
    </groups>
    <test started-at="2025-03-08T23:09:54 EST" name="Default test" finished-at="2025-03-08T23:10:03 EST" duration-ms="9276">
      <class name="testCases.TC003">
        <test-method is-config="true" signature="setup()[pri:0, instance:testCases.TC003@49f5c307]" started-at="2025-03-08T23:09:54 EST" name="setup" finished-at="2025-03-08T23:09:54 EST" duration-ms="14" status="PASS">
          <reporter-output>
          </reporter-output>
        </test-method> <!-- setup -->
        <test-method is-config="true" signature="beforeTest()[pri:0, instance:testCases.TC003@49f5c307]" started-at="2025-03-08T23:09:54 EST" name="beforeTest" finished-at="2025-03-08T23:10:01 EST" duration-ms="7407" status="PASS">
          <reporter-output>
          </reporter-output>
        </test-method> <!-- beforeTest -->
        <test-method signature="tc003()[pri:0, instance:testCases.TC003@49f5c307]" started-at="2025-03-08T23:10:01 EST" name="tc003" finished-at="2025-03-08T23:10:03 EST" duration-ms="1634" status="PASS">
          <reporter-output>
          </reporter-output>
        </test-method> <!-- tc003 -->
        <test-method is-config="true" signature="afterEachTest(org.testng.ITestResult)[pri:0, instance:testCases.TC003@49f5c307]" started-at="2025-03-08T23:10:03 EST" name="afterEachTest" finished-at="2025-03-08T23:10:03 EST" duration-ms="184" status="PASS">
          <params>
            <param index="0">
              <value>
                <![CDATA[[TestResult name=tc003 status=SUCCESS method=TC003.tc003()[pri:0, instance:testCases.TC003@49f5c307] output={null}]]]>
              </value>
            </param>
          </params>
          <reporter-output>
          </reporter-output>
        </test-method> <!-- afterEachTest -->
        <test-method is-config="true" signature="afterClass()[pri:0, instance:testCases.TC003@49f5c307]" started-at="2025-03-08T23:10:03 EST" name="afterClass" finished-at="2025-03-08T23:10:03 EST" duration-ms="0" status="PASS">
          <reporter-output>
          </reporter-output>
        </test-method> <!-- afterClass -->
      </class> <!-- testCases.TC003 -->
    </test> <!-- Default test -->
  </suite> <!-- Default suite -->
</testng-results>
